<?xml version="1.0" encoding="UTF-8"?>
<testng-results ignored="0" total="3" passed="3" failed="0" skipped="0">
  <reporter-output>
  </reporter-output>
  <suite started-at="2025-12-18T17:39:42 IST" name="Default suite" finished-at="2025-12-18T17:40:00 IST" duration-ms="17143">
    <groups>
      <group name="cucumber">
        <method signature="AbstractTestNGCucumberTests.runScenario(io.cucumber.testng.PickleWrapper,io.cucumber.testng.FeatureWrapper)[pri:0, instance:Runners.TestRunner@477b4cdf]" name="runScenario" class="io.cucumber.testng.AbstractTestNGCucumberTests"/>
      </group> <!-- cucumber -->
    </groups>
    <test started-at="2025-12-18T17:39:42 IST" name="Default test" finished-at="2025-12-18T17:40:00 IST" duration-ms="17143">
      <class name="Runners.TestRunner">
        <test-method is-config="true" signature="setUpClass(org.testng.ITestContext)[pri:0, instance:Runners.TestRunner@477b4cdf]" started-at="2025-12-18T17:39:42 IST" name="setUpClass" finished-at="2025-12-18T17:39:43 IST" duration-ms="897" status="PASS">
          <params>
            <param index="0">
              <value>
                <![CDATA[org.testng.TestRunner@2f00f851]]>
              </value>
            </param>
          </params>
          <reporter-output>
          </reporter-output>
        </test-method> <!-- setUpClass -->
        <test-method signature="runScenario(io.cucumber.testng.PickleWrapper,io.cucumber.testng.FeatureWrapper)[pri:0, instance:Runners.TestRunner@477b4cdf]" started-at="2025-12-18T17:39:43 IST" name="runScenario" description="Runs Cucumber Scenarios" data-provider="scenarios" finished-at="2025-12-18T17:39:56 IST" duration-ms="12783" status="PASS">
          <params>
            <param index="0">
              <value>
                <![CDATA["Verify user can view account summary page successfully"]]>
              </value>
            </param>
            <param index="1">
              <value>
                <![CDATA["Goodyear Sales Portal Web"]]>
              </value>
            </param>
          </params>
          <reporter-output>
          </reporter-output>
        </test-method> <!-- runScenario -->
        <test-method signature="runScenario(io.cucumber.testng.PickleWrapper,io.cucumber.testng.FeatureWrapper)[pri:0, instance:Runners.TestRunner@477b4cdf]" started-at="2025-12-18T17:39:56 IST" name="runScenario" description="Runs Cucumber Scenarios" data-provider="scenarios" finished-at="2025-12-18T17:39:57 IST" duration-ms="518" status="PASS">
          <params>
            <param index="0">
              <value>
                <![CDATA["Verify user view account summary page details successfully"]]>
              </value>
            </param>
            <param index="1">
              <value>
                <![CDATA["Goodyear Sales Portal Web"]]>
              </value>
            </param>
          </params>
          <reporter-output>
          </reporter-output>
        </test-method> <!-- runScenario -->
        <test-method signature="runScenario(io.cucumber.testng.PickleWrapper,io.cucumber.testng.FeatureWrapper)[pri:0, instance:Runners.TestRunner@477b4cdf]" started-at="2025-12-18T17:39:57 IST" name="runScenario" description="Runs Cucumber Scenarios" data-provider="scenarios" finished-at="2025-12-18T17:40:00 IST" duration-ms="2810" status="PASS">
          <params>
            <param index="0">
              <value>
                <![CDATA["Verify user view account statement page details successfully"]]>
              </value>
            </param>
            <param index="1">
              <value>
                <![CDATA["Goodyear Sales Portal Web"]]>
              </value>
            </param>
          </params>
          <reporter-output>
          </reporter-output>
        </test-method> <!-- runScenario -->
        <test-method is-config="true" signature="tearDownClass()[pri:0, instance:Runners.TestRunner@477b4cdf]" started-at="2025-12-18T17:40:00 IST" name="tearDownClass" finished-at="2025-12-18T17:40:00 IST" duration-ms="37" status="PASS">
          <reporter-output>
          </reporter-output>
        </test-method> <!-- tearDownClass -->
      </class> <!-- Runners.TestRunner -->
    </test> <!-- Default test -->
  </suite> <!-- Default suite -->
</testng-results>
