<?xml version="1.0" encoding="UTF-8"?>
<!-- Generated by org.testng.reporters.JUnitReportReporter -->
<testsuite hostname="LAPTOP-4JBIMMD8" failures="0" tests="3" name="Runners.TestRunner" time="16.111" errors="0" timestamp="2025-12-18T17:40:00 IST" skipped="0">
  <testcase classname="Runners.TestRunner" name="runScenario" time="2.810"/>
  <testcase classname="Runners.TestRunner" name="runScenario" time="12.783"/>
  <testcase classname="Runners.TestRunner" name="runScenario" time="0.518"/>
</testsuite> <!-- Runners.TestRunner -->
